[2025-03-02 23:39:14] [INFO] กำลังอัปเดตพื้นที่เก็บข้อมูลการตั้งค่า...
[2025-03-02 23:39:15] [SUCCESS] อัปเดตพื้นที่เก็บข้อมูลสำเร็จ
[2025-03-02 23:39:51] [INFO] สร้างไดเรกทอรี: /Users/kittisaklamnoi/myconfig-backup/20250302233914
[2025-03-02 23:39:51] [INFO] กำลังติดตั้งการตั้งค่าสำหรับ wezterm...
[2025-03-02 23:39:51] [WARNING] พบ symlink ที่มีอยู่สำหรับ wezterm ที่ /Users/kittisaklamnoi/.config/wezterm/wezterm.lua
[2025-03-02 23:48:28] [INFO] กำลังอัปเดตพื้นที่เก็บข้อมูลการตั้งค่า...
[2025-03-02 23:48:29] [SUCCESS] อัปเดตพื้นที่เก็บข้อมูลสำเร็จ
[2025-03-02 23:49:57] [INFO] สร้างไดเรกทอรี: /Users/kittisaklamnoi/myconfig-backup/20250302234828
[2025-03-02 23:49:57] [INFO] กำลังติดตั้งการตั้งค่าสำหรับ wezterm...
[2025-03-02 23:49:57] [WARNING] พบ symlink ที่มีอยู่สำหรับ wezterm ที่ /Users/kittisaklamnoi/.config/wezterm/wezterm.lua
[2025-03-03 00:11:43] [INFO] สร้างไดเรกทอรี: /Users/kittisaklamnoi/myconfig-backup/20250303001143
[2025-03-03 00:11:43] [INFO] กำลังติดตั้งการตั้งค่าสำหรับ wezterm...
[2025-03-03 00:11:43] [WARNING] พบ symlink ที่มีอยู่สำหรับ wezterm ที่ /Users/kittisaklamnoi/.config/wezterm/wezterm.lua
[2025-03-03 00:12:09] [INFO] กำลังถอนการติดตั้งการตั้งค่าสำหรับ wezterm...
[2025-03-03 00:12:09] [SUCCESS] ลบ symlink สำหรับ wezterm
[2025-03-03 00:12:09] [WARNING] ไม่พบการสำรองสำหรับ wezterm ในไดเรกทอรีสำรองใดๆ
[2025-03-03 00:12:50] [INFO] สร้างไดเรกทอรี: /Users/kittisaklamnoi/myconfig-backup/20250303001250
[2025-03-03 00:12:50] [INFO] กำลังติดตั้งการตั้งค่าสำหรับ wezterm...
[2025-03-03 00:23:31] [INFO] สร้างไดเรกทอรี: /Users/kittisaklamnoi/myconfig-backup/20250303002331
[2025-03-03 00:23:31] [INFO] กำลังติดตั้งการตั้งค่าสำหรับ wezterm...
[2025-03-03 00:36:15] [INFO] สร้างไดเรกทอรี: /Users/kittisaklamnoi/myconfig-backup/20250303003615
[2025-03-03 00:36:15] [INFO] กำลังติดตั้งการตั้งค่าสำหรับ wezterm...
[2025-03-03 00:37:39] [INFO] สร้างไดเรกทอรี: /Users/kittisaklamnoi/myconfig-backup/20250303003739
[2025-03-03 00:37:39] [INFO] กำลังติดตั้งการตั้งค่าสำหรับ wezterm...
[2025-03-03 00:37:51] [INFO] สร้างไดเรกทอรี: /Users/kittisaklamnoi/myconfig-backup/20250303003751
[2025-03-03 00:37:51] [INFO] กำลังติดตั้งการตั้งค่าสำหรับ wezterm...
[2025-03-03 00:42:27] [INFO] สร้างไดเรกทอรี: /Users/kittisaklamnoi/myconfig-backup/20250303004227
[2025-03-03 00:42:27] [INFO] กำลังติดตั้งการตั้งค่าสำหรับ wezterm...
[2025-03-03 00:42:27] [WARNING] พบ symlink ที่มีอยู่สำหรับ wezterm ที่ /Users/kittisaklamnoi/.config/wezterm/wezterm.lua
[2025-03-03 00:42:37] [INFO] กำลังถอนการติดตั้งการตั้งค่าสำหรับ wezterm...
[2025-03-03 00:42:37] [SUCCESS] ลบ symlink สำหรับ wezterm
[2025-03-03 00:42:37] [WARNING] ไม่พบการสำรองสำหรับ wezterm ในไดเรกทอรีสำรองใดๆ
[2025-03-03 00:43:20] [INFO] สร้างไดเรกทอรี: /Users/kittisaklamnoi/myconfig-backup/20250303004320
[2025-03-03 00:43:20] [INFO] กำลังติดตั้งการตั้งค่าสำหรับ wezterm...
[2025-03-03 12:45:51] [INFO] สร้างไดเรกทอรี: /Users/kittisaklamnoi/myconfig-backup/20250303124551
[2025-03-03 12:45:51] [INFO] กำลังติดตั้งการตั้งค่าสำหรับ wezterm...
[2025-03-03 12:52:32] [INFO] สร้างไดเรกทอรี: /Users/kittisaklamnoi/myconfig-backup/20250303125232
[2025-03-03 12:52:32] [INFO] กำลังติดตั้งการตั้งค่าสำหรับ wezterm...
[2025-03-03 13:28:15] [INFO] สร้างไดเรกทอรี: /Users/kittisaklamnoi/myconfig-backup/20250303132815
[2025-03-03 13:28:15] [INFO] กำลังติดตั้งการตั้งค่าสำหรับ wezterm...
[2025-03-03 13:30:55] [INFO] สร้างไดเรกทอรี: /Users/kittisaklamnoi/myconfig-backup/20250303133055
[2025-03-03 13:30:55] [INFO] กำลังติดตั้งการตั้งค่าสำหรับ wezterm...
[2025-03-03 13:36:27] [INFO] สร้างไดเรกทอรี: /Users/kittisaklamnoi/myconfig-backup/20250303133627
[2025-03-03 13:36:27] [INFO] กำลังติดตั้งการตั้งค่าสำหรับ wezterm...
[2025-03-03 13:37:18] [INFO] สร้างไดเรกทอรี: /Users/kittisaklamnoi/myconfig-backup/20250303133718
[2025-03-03 13:37:18] [INFO] กำลังติดตั้งการตั้งค่าสำหรับ wezterm...
[2025-03-03 13:41:33] [INFO] สร้างไดเรกทอรี: /Users/kittisaklamnoi/myconfig-backup/20250303134133
[2025-03-03 13:41:33] [INFO] กำลังติดตั้งการตั้งค่าสำหรับ wezterm...
[2025-03-03 13:43:22] [INFO] สร้างไดเรกทอรี: /Users/kittisaklamnoi/myconfig-backup/20250303134322
[2025-03-03 13:43:22] [INFO] กำลังติดตั้งการตั้งค่าสำหรับ wezterm...
[2025-03-03 13:44:24] [INFO] สร้างไดเรกทอรี: /Users/kittisaklamnoi/myconfig-backup/20250303134424
[2025-03-03 13:44:24] [INFO] กำลังติดตั้งการตั้งค่าสำหรับ wezterm...
[2025-03-03 13:45:12] [INFO] สร้างไดเรกทอรี: /Users/kittisaklamnoi/myconfig-backup/20250303134512
[2025-03-03 13:45:12] [INFO] กำลังติดตั้งการตั้งค่าสำหรับ wezterm...
[2025-03-03 13:46:12] [INFO] สร้างไดเรกทอรี: /Users/kittisaklamnoi/myconfig-backup/20250303134612
[2025-03-03 13:46:12] [INFO] กำลังติดตั้งการตั้งค่าสำหรับ wezterm...
[2025-03-03 13:46:51] [INFO] สร้างไดเรกทอรี: /Users/kittisaklamnoi/myconfig-backup/20250303134651
[2025-03-03 13:46:51] [INFO] กำลังติดตั้งการตั้งค่าสำหรับ wezterm...
[2025-03-03 13:54:27] [INFO] สร้างไดเรกทอรี: /Users/kittisaklamnoi/myconfig-backup/20250303135427
[2025-03-03 13:54:27] [INFO] กำลังติดตั้งการตั้งค่าสำหรับ wezterm...
[2025-03-03 13:54:27] [INFO] ไม่พบไฟล์การตั้งค่าที่มีอยู่สำหรับ wezterm ที่ /Users/kittisaklamnoi/.config/wezterm/wezterm.lua
[2025-03-03 13:54:27] [SUCCESS] สร้าง symlink สำหรับ wezterm: /Users/kittisaklamnoi/myconfig/wezterm/wezterm.lua -> /Users/kittisaklamnoi/.config/wezterm/wezterm.lua
[2025-03-03 13:54:27] [INFO] กำลังติดตั้งการตั้งค่าสำหรับ tmux...
[2025-03-03 13:54:27] [WARNING] พบ symlink ที่มีอยู่สำหรับ tmux ที่ /Users/kittisaklamnoi/.tmux.conf
[2025-03-03 13:56:27] [INFO] ข้ามการตั้งค่า tmux
[2025-03-03 13:56:27] [INFO] กำลังติดตั้งการตั้งค่าสำหรับ zsh...
[2025-03-03 13:56:27] [INFO] สร้างไดเรกทอรี: /Users/kittisaklamnoi/myconfig-backup/20250303135427/zsh
[2025-03-03 13:56:27] [INFO] สำรองการตั้งค่าดั้งเดิมสำหรับ zsh ไปยัง /Users/kittisaklamnoi/myconfig-backup/20250303135427/zsh/.zshrc
[2025-03-03 13:56:27] [SUCCESS] สร้าง symlink สำหรับ zsh: /Users/kittisaklamnoi/myconfig/zsh/zshrc -> /Users/kittisaklamnoi/.zshrc
[2025-03-03 13:56:27] [INFO] กำลังติดตั้งการตั้งค่าสำหรับ oh-my-zsh...
[2025-03-03 13:56:27] [INFO] สร้างไดเรกทอรี: /Users/kittisaklamnoi/myconfig-backup/20250303135427/oh-my-zsh
[2025-03-03 13:56:27] [INFO] สำรองการตั้งค่าดั้งเดิมสำหรับ oh-my-zsh ไปยัง /Users/kittisaklamnoi/myconfig-backup/20250303135427/oh-my-zsh/custom
[2025-03-03 13:56:27] [SUCCESS] สร้าง symlink สำหรับ oh-my-zsh: /Users/kittisaklamnoi/myconfig/zsh/oh-my-zsh/custom -> /Users/kittisaklamnoi/.oh-my-zsh/custom
[2025-03-03 13:56:27] [INFO] กำลังติดตั้งการตั้งค่าสำหรับ powerlevel10k...
[2025-03-03 13:56:27] [INFO] สร้างไดเรกทอรี: /Users/kittisaklamnoi/myconfig-backup/20250303135427/powerlevel10k
[2025-03-03 13:56:27] [INFO] สำรองการตั้งค่าดั้งเดิมสำหรับ powerlevel10k ไปยัง /Users/kittisaklamnoi/myconfig-backup/20250303135427/powerlevel10k/.p10k.zsh
[2025-03-03 13:56:27] [SUCCESS] สร้าง symlink สำหรับ powerlevel10k: /Users/kittisaklamnoi/myconfig/zsh/powerlevel10k/p10k.zsh -> /Users/kittisaklamnoi/.p10k.zsh
[2025-03-03 13:56:27] [INFO] กำลังติดตั้งการตั้งค่าสำหรับ yabai...
[2025-03-03 13:56:27] [ERROR] ไม่พบการตั้งค่าแหล่งที่มาสำหรับ yabai ที่ /Users/kittisaklamnoi/myconfig/mac/yabai/yabairc
[2025-03-03 13:56:27] [INFO] กำลังติดตั้งการตั้งค่าสำหรับ skhd...
[2025-03-03 13:56:27] [WARNING] พบ symlink ที่มีอยู่สำหรับ skhd ที่ /Users/kittisaklamnoi/.config/skhd/skhdrc
[2025-03-03 14:00:21] [SUCCESS] สร้าง symlink สำหรับ skhd: /Users/kittisaklamnoi/myconfig/mac/skhd/skhdrc -> /Users/kittisaklamnoi/.config/skhd/skhdrc
[2025-03-03 14:00:21] [INFO] กำลังติดตั้งการตั้งค่าสำหรับ karabiner...
[2025-03-03 14:00:21] [INFO] สร้างไดเรกทอรี: /Users/kittisaklamnoi/myconfig-backup/20250303135427/karabiner
[2025-03-03 14:00:21] [INFO] สำรองการตั้งค่าดั้งเดิมสำหรับ karabiner ไปยัง /Users/kittisaklamnoi/myconfig-backup/20250303135427/karabiner/karabiner.json
[2025-03-03 14:00:21] [SUCCESS] สร้าง symlink สำหรับ karabiner: /Users/kittisaklamnoi/myconfig/mac/karabiner/karabiner.json -> /Users/kittisaklamnoi/.config/karabiner/karabiner.json
[2025-03-03 14:00:21] [INFO] กำลังติดตั้งการตั้งค่าสำหรับ sketchybar...
[2025-03-03 14:00:21] [ERROR] ไม่พบการตั้งค่าแหล่งที่มาสำหรับ sketchybar ที่ /Users/kittisaklamnoi/myconfig/mac/sketchybar/sketchybarrc
[2025-03-03 14:00:21] [INFO] กำลังติดตั้งการตั้งค่าสำหรับ borders...
[2025-03-03 14:00:21] [WARNING] พบ symlink ที่มีอยู่สำหรับ borders ที่ /Users/kittisaklamnoi/.config/borders/bordersrc
[2025-03-03 14:02:29] [SUCCESS] สร้าง symlink สำหรับ borders: /Users/kittisaklamnoi/myconfig/mac/borders/bordersrc -> /Users/kittisaklamnoi/.config/borders/bordersrc
[2025-03-03 14:02:29] [WARNING] การติดตั้งเสร็จสมบูรณ์ แต่มีบางเครื่องมือที่ล้มเหลว กรุณาตรวจสอบบันทึก
[2025-03-03 14:30:44] [INFO] กำลังถอนการติดตั้งการตั้งค่าสำหรับ wezterm...
[2025-03-03 14:30:44] [SUCCESS] ลบ symlink สำหรับ wezterm
[2025-03-03 14:30:44] [WARNING] ไม่พบการสำรองสำหรับ wezterm ในไดเรกทอรีสำรองใดๆ
[2025-03-03 14:30:44] [INFO] กำลังถอนการติดตั้งการตั้งค่าสำหรับ tmux...
[2025-03-03 14:30:44] [SUCCESS] ลบ symlink สำหรับ tmux
[2025-03-03 14:30:44] [WARNING] ไม่พบการสำรองสำหรับ tmux ในไดเรกทอรีสำรองใดๆ
[2025-03-03 14:30:44] [INFO] กำลังถอนการติดตั้งการตั้งค่าสำหรับ zsh...
[2025-03-03 14:30:44] [SUCCESS] ลบ symlink สำหรับ zsh
[2025-03-03 14:30:44] [SUCCESS] คืนค่าการตั้งค่าดั้งเดิมสำหรับ zsh จาก /Users/kittisaklamnoi/myconfig-backup/20250303135427/zsh/.zshrc
[2025-03-03 14:30:44] [INFO] กำลังถอนการติดตั้งการตั้งค่าสำหรับ oh-my-zsh...
[2025-03-03 14:30:44] [WARNING] ไม่พบ symlink สำหรับ oh-my-zsh ที่ /Users/kittisaklamnoi/.oh-my-zsh/custom
[2025-03-03 14:30:44] [INFO] กำลังถอนการติดตั้งการตั้งค่าสำหรับ powerlevel10k...
[2025-03-03 14:30:44] [SUCCESS] ลบ symlink สำหรับ powerlevel10k
[2025-03-03 14:30:44] [SUCCESS] คืนค่าการตั้งค่าดั้งเดิมสำหรับ powerlevel10k จาก /Users/kittisaklamnoi/myconfig-backup/20250303135427/powerlevel10k/.p10k.zsh
[2025-03-03 14:30:44] [INFO] กำลังถอนการติดตั้งการตั้งค่าสำหรับ yabai...
[2025-03-03 14:30:44] [SUCCESS] ลบ symlink สำหรับ yabai
[2025-03-03 14:30:44] [WARNING] ไม่พบการสำรองสำหรับ yabai ในไดเรกทอรีสำรองใดๆ
[2025-03-03 14:30:44] [INFO] กำลังถอนการติดตั้งการตั้งค่าสำหรับ skhd...
[2025-03-03 14:30:44] [SUCCESS] ลบ symlink สำหรับ skhd
[2025-03-03 14:30:44] [WARNING] ไม่พบการสำรองสำหรับ skhd ในไดเรกทอรีสำรองใดๆ
[2025-03-03 14:30:44] [INFO] กำลังถอนการติดตั้งการตั้งค่าสำหรับ karabiner...
[2025-03-03 14:30:44] [SUCCESS] ลบ symlink สำหรับ karabiner
[2025-03-03 14:30:44] [SUCCESS] คืนค่าการตั้งค่าดั้งเดิมสำหรับ karabiner จาก /Users/kittisaklamnoi/myconfig-backup/20250303135427/karabiner/karabiner.json
[2025-03-03 14:30:44] [INFO] กำลังถอนการติดตั้งการตั้งค่าสำหรับ sketchybar...
[2025-03-03 14:30:44] [WARNING] ไม่พบ symlink สำหรับ sketchybar ที่ /Users/kittisaklamnoi/.config/sketchybar/sketchybarrc
[2025-03-03 14:30:44] [INFO] กำลังถอนการติดตั้งการตั้งค่าสำหรับ borders...
[2025-03-03 14:30:44] [SUCCESS] ลบ symlink สำหรับ borders
[2025-03-03 14:30:44] [WARNING] ไม่พบการสำรองสำหรับ borders ในไดเรกทอรีสำรองใดๆ
[2025-03-03 14:30:44] [SUCCESS] การถอนการติดตั้งเสร็จสมบูรณ์!
[2025-03-03 14:34:41] [INFO] กำลังอัปเดตพื้นที่เก็บข้อมูลการตั้งค่า...
[2025-03-03 14:34:42] [SUCCESS] อัปเดตพื้นที่เก็บข้อมูลสำเร็จ
[2025-03-03 14:35:06] [INFO] สร้างไดเรกทอรี: /Users/kittisaklamnoi/myconfig-backup/20250303143441
[2025-03-03 14:35:06] [INFO] กำลังติดตั้งการตั้งค่าสำหรับ wezterm...
[2025-03-03 14:35:06] [INFO] ไม่พบไฟล์การตั้งค่าที่มีอยู่สำหรับ wezterm ที่ /Users/kittisaklamnoi/.config/wezterm/wezterm.lua
[2025-03-03 14:35:06] [SUCCESS] สร้าง symlink สำหรับ wezterm: /Users/kittisaklamnoi/myconfig/wezterm/wezterm.lua -> /Users/kittisaklamnoi/.config/wezterm/wezterm.lua
[2025-03-03 14:35:06] [INFO] กำลังติดตั้งการตั้งค่าสำหรับ tmux...
[2025-03-03 14:35:06] [INFO] ไม่พบไฟล์การตั้งค่าที่มีอยู่สำหรับ tmux ที่ /Users/kittisaklamnoi/.tmux.conf
[2025-03-03 14:35:06] [SUCCESS] สร้าง symlink สำหรับ tmux: /Users/kittisaklamnoi/myconfig/tmux/tmux.conf -> /Users/kittisaklamnoi/.tmux.conf
[2025-03-03 14:35:06] [INFO] กำลังติดตั้งการตั้งค่าสำหรับ zsh...
[2025-03-03 14:35:06] [INFO] สร้างไดเรกทอรี: /Users/kittisaklamnoi/myconfig-backup/20250303143441/zsh
[2025-03-03 14:35:06] [INFO] สำรองการตั้งค่าดั้งเดิมสำหรับ zsh ไปยัง /Users/kittisaklamnoi/myconfig-backup/20250303143441/zsh/.zshrc
[2025-03-03 14:35:06] [SUCCESS] สร้าง symlink สำหรับ zsh: /Users/kittisaklamnoi/myconfig/zsh/zshrc -> /Users/kittisaklamnoi/.zshrc
[2025-03-03 14:35:06] [INFO] กำลังติดตั้งการตั้งค่าสำหรับ oh-my-zsh...
[2025-03-03 14:35:06] [INFO] สร้างไดเรกทอรี: /Users/kittisaklamnoi/myconfig-backup/20250303143441/oh-my-zsh
[2025-03-03 14:35:06] [INFO] สำรองการตั้งค่าดั้งเดิมสำหรับ oh-my-zsh ไปยัง /Users/kittisaklamnoi/myconfig-backup/20250303143441/oh-my-zsh/custom
[2025-03-03 14:35:06] [SUCCESS] สร้าง symlink สำหรับ oh-my-zsh: /Users/kittisaklamnoi/myconfig/zsh/oh-my-zsh/custom -> /Users/kittisaklamnoi/.oh-my-zsh/custom
[2025-03-03 14:35:06] [INFO] กำลังติดตั้งการตั้งค่าสำหรับ powerlevel10k...
[2025-03-03 14:35:06] [INFO] สร้างไดเรกทอรี: /Users/kittisaklamnoi/myconfig-backup/20250303143441/powerlevel10k
[2025-03-03 14:35:06] [INFO] สำรองการตั้งค่าดั้งเดิมสำหรับ powerlevel10k ไปยัง /Users/kittisaklamnoi/myconfig-backup/20250303143441/powerlevel10k/.p10k.zsh
[2025-03-03 14:35:06] [SUCCESS] สร้าง symlink สำหรับ powerlevel10k: /Users/kittisaklamnoi/myconfig/zsh/powerlevel10k/p10k.zsh -> /Users/kittisaklamnoi/.p10k.zsh
[2025-03-03 14:35:06] [INFO] กำลังติดตั้งการตั้งค่าสำหรับ yabai...
[2025-03-03 14:35:06] [ERROR] ไม่พบการตั้งค่าแหล่งที่มาสำหรับ yabai ที่ /Users/kittisaklamnoi/myconfig/mac/yabai/yabairc
[2025-03-03 14:35:06] [INFO] กำลังติดตั้งการตั้งค่าสำหรับ skhd...
[2025-03-03 14:35:06] [INFO] ไม่พบไฟล์การตั้งค่าที่มีอยู่สำหรับ skhd ที่ /Users/kittisaklamnoi/.config/skhd/skhdrc
[2025-03-03 14:35:06] [SUCCESS] สร้าง symlink สำหรับ skhd: /Users/kittisaklamnoi/myconfig/mac/skhd/skhdrc -> /Users/kittisaklamnoi/.config/skhd/skhdrc
[2025-03-03 14:35:06] [INFO] กำลังติดตั้งการตั้งค่าสำหรับ karabiner...
[2025-03-03 14:35:06] [INFO] สร้างไดเรกทอรี: /Users/kittisaklamnoi/myconfig-backup/20250303143441/karabiner
[2025-03-03 14:35:06] [INFO] สำรองการตั้งค่าดั้งเดิมสำหรับ karabiner ไปยัง /Users/kittisaklamnoi/myconfig-backup/20250303143441/karabiner/karabiner.json
[2025-03-03 14:35:06] [SUCCESS] สร้าง symlink สำหรับ karabiner: /Users/kittisaklamnoi/myconfig/mac/karabiner/karabiner.json -> /Users/kittisaklamnoi/.config/karabiner/karabiner.json
[2025-03-03 14:35:06] [INFO] กำลังติดตั้งการตั้งค่าสำหรับ sketchybar...
[2025-03-03 14:35:06] [ERROR] ไม่พบการตั้งค่าแหล่งที่มาสำหรับ sketchybar ที่ /Users/kittisaklamnoi/myconfig/mac/sketchybar/sketchybarrc
[2025-03-03 14:35:06] [INFO] กำลังติดตั้งการตั้งค่าสำหรับ borders...
[2025-03-03 14:35:06] [INFO] ไม่พบไฟล์การตั้งค่าที่มีอยู่สำหรับ borders ที่ /Users/kittisaklamnoi/.config/borders/bordersrc
[2025-03-03 14:35:06] [SUCCESS] สร้าง symlink สำหรับ borders: /Users/kittisaklamnoi/myconfig/mac/borders/bordersrc -> /Users/kittisaklamnoi/.config/borders/bordersrc
[2025-03-03 14:35:06] [WARNING] การติดตั้งเสร็จสมบูรณ์ แต่มีบางเครื่องมือที่ล้มเหลว กรุณาตรวจสอบบันทึก
[2025-03-03 14:35:40] [INFO] กำลังถอนการติดตั้งการตั้งค่าสำหรับ wezterm...
[2025-03-03 14:35:40] [SUCCESS] ลบ symlink สำหรับ wezterm
[2025-03-03 14:35:40] [WARNING] ไม่พบการสำรองสำหรับ wezterm ในไดเรกทอรีสำรองใดๆ
[2025-03-03 14:35:40] [INFO] กำลังถอนการติดตั้งการตั้งค่าสำหรับ tmux...
[2025-03-03 14:35:40] [SUCCESS] ลบ symlink สำหรับ tmux
[2025-03-03 14:35:40] [WARNING] ไม่พบการสำรองสำหรับ tmux ในไดเรกทอรีสำรองใดๆ
[2025-03-03 14:35:40] [INFO] กำลังถอนการติดตั้งการตั้งค่าสำหรับ zsh...
[2025-03-03 14:35:40] [SUCCESS] ลบ symlink สำหรับ zsh
[2025-03-03 14:35:40] [SUCCESS] คืนค่าการตั้งค่าดั้งเดิมสำหรับ zsh จาก /Users/kittisaklamnoi/myconfig-backup/20250303143441/zsh/.zshrc
[2025-03-03 14:35:40] [INFO] กำลังถอนการติดตั้งการตั้งค่าสำหรับ oh-my-zsh...
[2025-03-03 14:35:40] [WARNING] ไม่พบ symlink สำหรับ oh-my-zsh ที่ /Users/kittisaklamnoi/.oh-my-zsh/custom
[2025-03-03 14:35:40] [INFO] กำลังถอนการติดตั้งการตั้งค่าสำหรับ powerlevel10k...
[2025-03-03 14:35:40] [SUCCESS] ลบ symlink สำหรับ powerlevel10k
[2025-03-03 14:35:40] [SUCCESS] คืนค่าการตั้งค่าดั้งเดิมสำหรับ powerlevel10k จาก /Users/kittisaklamnoi/myconfig-backup/20250303143441/powerlevel10k/.p10k.zsh
[2025-03-03 14:35:40] [INFO] กำลังถอนการติดตั้งการตั้งค่าสำหรับ yabai...
[2025-03-03 14:35:40] [WARNING] ไม่พบ symlink สำหรับ yabai ที่ /Users/kittisaklamnoi/.config/yabai/yabairc
[2025-03-03 14:35:40] [INFO] กำลังถอนการติดตั้งการตั้งค่าสำหรับ skhd...
[2025-03-03 14:35:40] [SUCCESS] ลบ symlink สำหรับ skhd
[2025-03-03 14:35:40] [WARNING] ไม่พบการสำรองสำหรับ skhd ในไดเรกทอรีสำรองใดๆ
[2025-03-03 14:35:40] [INFO] กำลังถอนการติดตั้งการตั้งค่าสำหรับ karabiner...
[2025-03-03 14:35:40] [SUCCESS] ลบ symlink สำหรับ karabiner
[2025-03-03 14:35:40] [SUCCESS] คืนค่าการตั้งค่าดั้งเดิมสำหรับ karabiner จาก /Users/kittisaklamnoi/myconfig-backup/20250303143441/karabiner/karabiner.json
[2025-03-03 14:35:40] [INFO] กำลังถอนการติดตั้งการตั้งค่าสำหรับ sketchybar...
[2025-03-03 14:35:40] [WARNING] ไม่พบ symlink สำหรับ sketchybar ที่ /Users/kittisaklamnoi/.config/sketchybar/sketchybarrc
[2025-03-03 14:35:40] [INFO] กำลังถอนการติดตั้งการตั้งค่าสำหรับ borders...
[2025-03-03 14:35:40] [SUCCESS] ลบ symlink สำหรับ borders
[2025-03-03 14:35:40] [WARNING] ไม่พบการสำรองสำหรับ borders ในไดเรกทอรีสำรองใดๆ
[2025-03-03 14:35:40] [SUCCESS] การถอนการติดตั้งเสร็จสมบูรณ์!
